<?xml version="1.0" encoding="UTF-8"?>
<!-- Generated by org.testng.reporters.JUnitXMLReporter -->
<testsuite ignored="0" hostname="DESKTOP-5U1QHH6" failures="0" tests="27" name="Surefire test" time="69.82" errors="0" timestamp="2024-06-24T23:48:18 MSK">
  <testcase classname="FactorialTest" name="testFactorialOfFive" time="0.029"/>
  <testcase classname="FactorialTest" name="testFactorialOfNegativeNumber" time="0.003"/>
  <testcase classname="FactorialTest" name="testFactorialOfOne" time="0.002"/>
  <testcase classname="FactorialTest" name="testFactorialOfZero" time="0.002"/>
  <testcase classname="MtsByTest" name="testCheckBlockName" time="0.12"/>
  <testcase classname="MtsByTest" name="testCheckForPaymentSystemLogos" time="0.982"/>
  <testcase classname="MtsByTest" name="testCheckLink" time="0.891"/>
  <testcase classname="MtsByTest" name="testCheckTheButtonOperation" time="4.011"/>
  <testcase classname="PostmanEchoTest" name="whenCreateBar_thenStatus200" time="3.535"/>
  <testcase classname="PostmanEchoTest" name="whenCreateValue_thenStatus200" time="0.765"/>
  <testcase classname="PostmanEchoTest" name="whenDeleteRequestBody_thenStatus200" time="0.792"/>
  <testcase classname="PostmanEchoTest" name="whenGet_thenStatus200" time="0.747"/>
  <testcase classname="PostmanEchoTest" name="whenPatchRequestBody_thenStatus200" time="0.767"/>
  <testcase classname="PostmanEchoTest" name="whenPutRequestBody_thenStatus200" time="0.736"/>
  <testcase classname="Task_L16.FormOfPaymentTest" name="testCheckTheButtonOperation" time="4.377"/>
  <testcase classname="Task_L16.PayFormTest" name="testCheckFieldPlaceholdersForArrears" time="1.456"/>
  <testcase classname="Task_L16.PayFormTest" name="testCheckFieldPlaceholdersForArrears" time="1.483"/>
  <testcase classname="Task_L16.PayFormTest" name="testCheckFieldPlaceholdersForArrears" time="1.516"/>
  <testcase classname="Task_L16.PayFormTest" name="testCheckFieldPlaceholdersForCommunicationServices" time="1.242"/>
  <testcase classname="Task_L16.PayFormTest" name="testCheckFieldPlaceholdersForCommunicationServices" time="1.443"/>
  <testcase classname="Task_L16.PayFormTest" name="testCheckFieldPlaceholdersForCommunicationServices" time="1.237"/>
  <testcase classname="Task_L16.PayFormTest" name="testCheckFieldPlaceholdersForHomeInternet" time="1.474"/>
  <testcase classname="Task_L16.PayFormTest" name="testCheckFieldPlaceholdersForHomeInternet" time="1.368"/>
  <testcase classname="Task_L16.PayFormTest" name="testCheckFieldPlaceholdersForHomeInternet" time="1.197"/>
  <testcase classname="Task_L16.PayFormTest" name="testCheckFieldPlaceholdersForInstallment" time="1.54"/>
  <testcase classname="Task_L16.PayFormTest" name="testCheckFieldPlaceholdersForInstallment" time="1.537"/>
  <testcase classname="Task_L16.PayFormTest" name="testCheckFieldPlaceholdersForInstallment" time="1.195"/>
</testsuite> <!-- Surefire test -->
