<?xml version="1.0" encoding="UTF-8"?>
<testsuite xmlns:xsi="http://www.w3.org/2001/XMLSchema-instance" xsi:noNamespaceSchemaLocation="https://maven.apache.org/surefire/maven-surefire-plugin/xsd/surefire-test-report-3.0.xsd" version="3.0" name="TestSuite" time="70.607" tests="27" errors="0" skipped="0" failures="0">
  <properties>
[...]
</properties>
  <testcase name="testFactorialOfFive" classname="FactorialTest" time="0.072"/>
  <testcase name="testFactorialOfNegativeNumber" classname="FactorialTest" time="0.004"/>
  <testcase name="testFactorialOfOne" classname="FactorialTest" time="0.003"/>
  <testcase name="testFactorialOfZero" classname="FactorialTest" time="0.009"/>
  <testcase name="testCheckBlockName" classname="MtsByTest" time="0.122">
    <system-err><![CDATA[ChromeDriver was started successfully.
июн. 24, 2024 11:47:09 PM org.openqa.selenium.remote.ProtocolHandshake createSession
INFO: Detected dialect: W3C
]]></system-err>
  </testcase>
  <testcase name="testCheckForPaymentSystemLogos" classname="MtsByTest" time="0.984"/>
  <testcase name="testCheckLink" classname="MtsByTest" time="0.893"/>
  <testcase name="testCheckTheButtonOperation" classname="MtsByTest" time="4.013"/>
  <testcase name="whenCreateBar_thenStatus200" classname="PostmanEchoTest" time="3.536">
    <system-out><![CDATA[{
    "args": {
        
    },
    "data": {
        "foo1": "bar1",
        "foo2": "bar2"
    },
    "files": {
        
    },
    "form": {
        
    },
    "headers": {
        "host": "postman-echo.com",
        "x-request-start": "t=1719262040.791",
        "content-length": "30",
        "x-forwarded-proto": "https",
        "x-forwarded-port": "443",
        "x-amzn-trace-id": "Root=1-6679db58-2d99db7811d466ce5981d3da",
        "accept": "*/*",
        "content-type": "application/json",
        "user-agent": "Apache-HttpClient/4.5.13 (Java/22.0.1)",
        "accept-encoding": "gzip,deflate"
    },
    "json": {
        "foo1": "bar1",
        "foo2": "bar2"
    },
    "url": "https://postman-echo.com/post"
}
]]></system-out>
  </testcase>
  <testcase name="whenCreateValue_thenStatus200" classname="PostmanEchoTest" time="0.771">
    <system-out><![CDATA[{
    "args": {
        
    },
    "data": {
        "test": "value"
    },
    "files": {
        
    },
    "form": {
        
    },
    "headers": {
        "host": "postman-echo.com",
        "x-request-start": "t=1719262042.428",
        "content-length": "16",
        "x-forwarded-proto": "https",
        "x-forwarded-port": "443",
        "x-amzn-trace-id": "Root=1-6679db5a-4433888e7f187f2001842f52",
        "accept": "*/*",
        "content-type": "application/json",
        "user-agent": "Apache-HttpClient/4.5.13 (Java/22.0.1)",
        "accept-encoding": "gzip,deflate"
    },
    "json": {
        "test": "value"
    },
    "url": "https://postman-echo.com/post"
}
]]></system-out>
  </testcase>
  <testcase name="whenDeleteRequestBody_thenStatus200" classname="PostmanEchoTest" time="0.794">
    <system-out><![CDATA[{
    "args": {
        
    },
    "data": "This is expected to be sent back as part of response body.",
    "files": {
        
    },
    "form": {
        
    },
    "headers": {
        "host": "postman-echo.com",
        "x-request-start": "t=1719262043.229",
        "content-length": "58",
        "x-forwarded-proto": "https",
        "x-forwarded-port": "443",
        "x-amzn-trace-id": "Root=1-6679db5b-46046ba67e53a6d748988fa2",
        "accept": "*/*",
        "content-type": "text/plain; charset=ISO-8859-1",
        "user-agent": "Apache-HttpClient/4.5.13 (Java/22.0.1)",
        "accept-encoding": "gzip,deflate"
    },
    "json": null,
    "url": "https://postman-echo.com/delete"
}
]]></system-out>
  </testcase>
  <testcase name="whenGet_thenStatus200" classname="PostmanEchoTest" time="0.755">
    <system-out><![CDATA[{
    "args": {
        
    },
    "headers": {
        "host": "postman-echo.com",
        "x-request-start": "t=1719262043.956",
        "x-forwarded-proto": "https",
        "x-forwarded-port": "443",
        "x-amzn-trace-id": "Root=1-6679db5b-78598dea5ac0bbd637dc760b",
        "accept": "*/*",
        "user-agent": "Apache-HttpClient/4.5.13 (Java/22.0.1)",
        "accept-encoding": "gzip,deflate"
    },
    "url": "https://postman-echo.com/get"
}
]]></system-out>
  </testcase>
  <testcase name="whenPatchRequestBody_thenStatus200" classname="PostmanEchoTest" time="0.764">
    <system-out><![CDATA[{
    "args": {
        
    },
    "data": "This is expected to be sent back as part of response body.",
    "files": {
        
    },
    "form": {
        
    },
    "headers": {
        "host": "postman-echo.com",
        "x-request-start": "t=1719262044.752",
        "content-length": "58",
        "x-forwarded-proto": "https",
        "x-forwarded-port": "443",
        "x-amzn-trace-id": "Root=1-6679db5c-0d72d8af5a26298a7ad14fcf",
        "accept": "*/*",
        "content-type": "text/plain; charset=ISO-8859-1",
        "user-agent": "Apache-HttpClient/4.5.13 (Java/22.0.1)",
        "accept-encoding": "gzip,deflate"
    },
    "json": null,
    "url": "https://postman-echo.com/patch"
}
]]></system-out>
  </testcase>
  <testcase name="whenPutRequestBody_thenStatus200" classname="PostmanEchoTest" time="0.737">
    <system-out><![CDATA[{
    "args": {
        
    },
    "data": "This is expected to be sent back as part of response body.",
    "files": {
        
    },
    "form": {
        
    },
    "headers": {
        "host": "postman-echo.com",
        "x-request-start": "t=1719262045.499",
        "content-length": "58",
        "x-forwarded-proto": "https",
        "x-forwarded-port": "443",
        "x-amzn-trace-id": "Root=1-6679db5d-1cdd5efd1c367ab049ac2744",
        "accept": "*/*",
        "content-type": "text/plain; charset=ISO-8859-1",
        "user-agent": "Apache-HttpClient/4.5.13 (Java/22.0.1)",
        "accept-encoding": "gzip,deflate"
    },
    "json": null,
    "url": "https://postman-echo.com/put"
}
]]></system-out>
  </testcase>
  <testcase name="testCheckTheButtonOperation" classname="Task_L16.FormOfPaymentTest" time="4.378">
    <system-err><![CDATA[ChromeDriver was started successfully.
июн. 24, 2024 11:47:25 PM org.openqa.selenium.remote.ProtocolHandshake createSession
INFO: Detected dialect: W3C
]]></system-err>
  </testcase>
  <testcase name="testCheckFieldPlaceholdersForArrears[score-arrears, Номер счета на 2073](1)" classname="Task_L16.PayFormTest" time="1.46">
    <system-err><![CDATA[ChromeDriver was started successfully.
июн. 24, 2024 11:47:32 PM org.openqa.selenium.remote.ProtocolHandshake createSession
INFO: Detected dialect: W3C
]]></system-err>
  </testcase>
  <testcase name="testCheckFieldPlaceholdersForArrears[arrears-sum, Сумма](2)" classname="Task_L16.PayFormTest" time="1.482">
    <system-err><![CDATA[ChromeDriver was started successfully.
июн. 24, 2024 11:47:36 PM org.openqa.selenium.remote.ProtocolHandshake createSession
INFO: Detected dialect: W3C
]]></system-err>
  </testcase>
  <testcase name="testCheckFieldPlaceholdersForArrears[arrears-email, E-mail для отправки чека](3)" classname="Task_L16.PayFormTest" time="1.517">
    <system-err><![CDATA[ChromeDriver was started successfully.
июн. 24, 2024 11:47:39 PM org.openqa.selenium.remote.ProtocolHandshake createSession
INFO: Detected dialect: W3C
]]></system-err>
  </testcase>
  <testcase name="testCheckFieldPlaceholdersForCommunicationServices[connection-phone, Номер телефона](1)" classname="Task_L16.PayFormTest" time="1.242">
    <system-err><![CDATA[ChromeDriver was started successfully.
июн. 24, 2024 11:47:43 PM org.openqa.selenium.remote.ProtocolHandshake createSession
INFO: Detected dialect: W3C
]]></system-err>
  </testcase>
  <testcase name="testCheckFieldPlaceholdersForCommunicationServices[connection-sum, Сумма](2)" classname="Task_L16.PayFormTest" time="1.444">
    <system-err><![CDATA[ChromeDriver was started successfully.
июн. 24, 2024 11:47:48 PM org.openqa.selenium.remote.ProtocolHandshake createSession
INFO: Detected dialect: W3C
]]></system-err>
  </testcase>
  <testcase name="testCheckFieldPlaceholdersForCommunicationServices[connection-email, E-mail для отправки чека](3)" classname="Task_L16.PayFormTest" time="1.238">
    <system-err><![CDATA[ChromeDriver was started successfully.
июн. 24, 2024 11:47:51 PM org.openqa.selenium.remote.ProtocolHandshake createSession
INFO: Detected dialect: W3C
]]></system-err>
  </testcase>
  <testcase name="testCheckFieldPlaceholdersForHomeInternet[internet-phone, Номер абонента](1)" classname="Task_L16.PayFormTest" time="1.474">
    <system-err><![CDATA[ChromeDriver was started successfully.
июн. 24, 2024 11:47:56 PM org.openqa.selenium.remote.ProtocolHandshake createSession
INFO: Detected dialect: W3C
]]></system-err>
  </testcase>
  <testcase name="testCheckFieldPlaceholdersForHomeInternet[internet-sum, Сумма](2)" classname="Task_L16.PayFormTest" time="1.368">
    <system-err><![CDATA[ChromeDriver was started successfully.
июн. 24, 2024 11:48:00 PM org.openqa.selenium.remote.ProtocolHandshake createSession
INFO: Detected dialect: W3C
]]></system-err>
  </testcase>
  <testcase name="testCheckFieldPlaceholdersForHomeInternet[internet-email, E-mail для отправки чека](3)" classname="Task_L16.PayFormTest" time="1.198">
    <system-err><![CDATA[ChromeDriver was started successfully.
июн. 24, 2024 11:48:03 PM org.openqa.selenium.remote.ProtocolHandshake createSession
INFO: Detected dialect: W3C
]]></system-err>
  </testcase>
  <testcase name="testCheckFieldPlaceholdersForInstallment[score-instalment, Номер счета на 44](1)" classname="Task_L16.PayFormTest" time="1.541">
    <system-err><![CDATA[ChromeDriver was started successfully.
июн. 24, 2024 11:48:07 PM org.openqa.selenium.remote.ProtocolHandshake createSession
INFO: Detected dialect: W3C
]]></system-err>
  </testcase>
  <testcase name="testCheckFieldPlaceholdersForInstallment[instalment-sum, Сумма](2)" classname="Task_L16.PayFormTest" time="1.538">
    <system-err><![CDATA[ChromeDriver was started successfully.
июн. 24, 2024 11:48:10 PM org.openqa.selenium.remote.ProtocolHandshake createSession
INFO: Detected dialect: W3C
]]></system-err>
  </testcase>
  <testcase name="testCheckFieldPlaceholdersForInstallment[instalment-email, E-mail для отправки чека](3)" classname="Task_L16.PayFormTest" time="1.195">
    <system-err><![CDATA[ChromeDriver was started successfully.
июн. 24, 2024 11:48:14 PM org.openqa.selenium.remote.ProtocolHandshake createSession
INFO: Detected dialect: W3C
]]></system-err>
  </testcase>
</testsuite>